<?xml version="1.0" encoding="UTF-8"?>
<!-- Generated by org.testng.reporters.JUnitReportReporter -->
<testsuite hostname="DESKTOP-IT377E7" failures="0" tests="1" name="test.LoginTest" time="17.113" errors="0" timestamp="13 Nov 2019 02:48:46 GMT" skipped="0">
  <testcase classname="test.LoginTest" name="loginTest" time="17.113"/>
</testsuite> <!-- test.LoginTest -->
